<?xml version="1.0" encoding="UTF-8"?>
<testsuite xmlns:xsi="http://www.w3.org/2001/XMLSchema-instance" xsi:noNamespaceSchemaLocation="https://maven.apache.org/surefire/maven-surefire-plugin/xsd/surefire-test-report.xsd" name="accounts.web.AccountControllerCustomAuthenticationProviderTests" time="1.102" tests="1" errors="0" skipped="1" failures="0">
  <properties>
[...]
</properties>
  <testcase name="accountDetails_with_spring_credentials_should_return_200" classname="accounts.web.AccountControllerCustomAuthenticationProviderTests" time="0">
    <skipped message="public void accounts.web.AccountControllerCustomAuthenticationProviderTests.accountDetails_with_spring_credentials_should_return_200() throws java.lang.Exception is @Disabled"/>
    <system-out><![CDATA[INFO : o.s.t.c.support.AbstractContextLoader - Could not detect default resource locations for test class [accounts.web.AccountControllerCustomAuthenticationProviderTests]: no resource found for suffixes {-context.xml, Context.groovy}.
INFO : o.s.b.t.a.w.s.WebMvcTestContextBootstrapper - Loaded default TestExecutionListener class names from location [META-INF/spring.factories]: [org.springframework.security.test.context.support.WithSecurityContextTestExecutionListener, org.springframework.security.test.context.support.ReactorContextTestExecutionListener, org.springframework.test.context.web.ServletTestExecutionListener, org.springframework.test.context.support.DirtiesContextBeforeModesTestExecutionListener, org.springframework.test.context.event.ApplicationEventsTestExecutionListener, org.springframework.test.context.support.DependencyInjectionTestExecutionListener, org.springframework.test.context.support.DirtiesContextTestExecutionListener, org.springframework.test.context.transaction.TransactionalTestExecutionListener, org.springframework.test.context.jdbc.SqlScriptsTestExecutionListener, org.springframework.test.context.event.EventPublishingTestExecutionListener, org.springframework.boot.test.mock.mockito.MockitoTestExecutionListener, org.springframework.boot.test.mock.mockito.ResetMocksTestExecutionListener, org.springframework.boot.test.autoconfigure.restdocs.RestDocsTestExecutionListener, org.springframework.boot.test.autoconfigure.web.client.MockRestServiceServerResetTestExecutionListener, org.springframework.boot.test.autoconfigure.web.servlet.MockMvcPrintOnlyOnFailureTestExecutionListener, org.springframework.boot.test.autoconfigure.web.servlet.WebDriverTestExecutionListener, org.springframework.boot.test.autoconfigure.webservices.client.MockWebServiceServerTestExecutionListener]
INFO : o.s.b.t.a.w.s.WebMvcTestContextBootstrapper - Using TestExecutionListeners: [org.springframework.test.context.web.ServletTestExecutionListener@d3b0397, org.springframework.test.context.support.DirtiesContextBeforeModesTestExecutionListener@1ab717f3, org.springframework.test.context.event.ApplicationEventsTestExecutionListener@52bcfd10, org.springframework.boot.test.mock.mockito.MockitoTestExecutionListener@67683210, org.springframework.boot.test.autoconfigure.SpringBootDependencyInjectionTestExecutionListener@329aa2d1, org.springframework.test.context.support.DirtiesContextTestExecutionListener@103033fe, org.springframework.test.context.transaction.TransactionalTestExecutionListener@25511895, org.springframework.test.context.jdbc.SqlScriptsTestExecutionListener@38f569d, org.springframework.security.test.context.support.WithSecurityContextTestExecutionListener@6464f017, org.springframework.test.context.event.EventPublishingTestExecutionListener@755a90a6, org.springframework.security.test.context.support.ReactorContextTestExecutionListener@5862ab28, org.springframework.boot.test.mock.mockito.ResetMocksTestExecutionListener@21202507, org.springframework.boot.test.autoconfigure.restdocs.RestDocsTestExecutionListener@62878d7c, org.springframework.boot.test.autoconfigure.web.client.MockRestServiceServerResetTestExecutionListener@4379fe2a, org.springframework.boot.test.autoconfigure.web.servlet.MockMvcPrintOnlyOnFailureTestExecutionListener@e0f2686, org.springframework.boot.test.autoconfigure.web.servlet.WebDriverTestExecutionListener@2e27325d, org.springframework.boot.test.autoconfigure.webservices.client.MockWebServiceServerTestExecutionListener@7095b688]
 ::                                                         ____
 /\    ____                 ____             _              \ \ \
|/\|  / ___|___  _ __ ___  / ___| _ __  _ __(_)_ __   __ _   \ \ \
     | |   / _ \| '__/ _ \ \___ \| '_ \| '__| | '_ \ / _` |   \ \ \
     | |__| (_) | | |  __/  ___) | |_) | |  | | | | | (_| |   / / /
      \____\___/|_|  \___| |____/| .__/|_|  |_|_| |_|\__, |  / / /
 ================================|_|==================|___/=/_/_/=
   :: Core Spring Training ::                  :: v5.3.23.RELEASE ::

INFO : a.w.AccountControllerCustomAuthenticationProviderTests - Starting AccountControllerCustomAuthenticationProviderTests using Java 20.0.2 on Amuedin1 with PID 13192 (started by jjesu in C:\Users\jjesu\Desktop\Spring\Spring2\core-spring-labfiles\lab\42-security-rest)
DEBUG: a.w.AccountControllerCustomAuthenticationProviderTests - Running with Spring Boot v2.7.5, Spring v5.3.23
INFO : a.w.AccountControllerCustomAuthenticationProviderTests - No active profile set, falling back to 1 default profile: "default"
INFO : o.s.s.web.DefaultSecurityFilterChain - Will secure any request with [org.springframework.security.web.session.DisableEncodeUrlFilter@5dc8448b, org.springframework.security.web.context.request.async.WebAsyncManagerIntegrationFilter@30259c61, org.springframework.security.web.context.SecurityContextPersistenceFilter@5aec151b, org.springframework.security.web.header.HeaderWriterFilter@57f6fc09, org.springframework.security.web.authentication.logout.LogoutFilter@a2ca681, org.springframework.security.web.authentication.www.BasicAuthenticationFilter@26361572, org.springframework.security.web.savedrequest.RequestCacheAwareFilter@74cf2d5f, org.springframework.security.web.servletapi.SecurityContextHolderAwareRequestFilter@14b9817b, org.springframework.security.web.authentication.AnonymousAuthenticationFilter@33d08a24, org.springframework.security.web.session.SessionManagementFilter@ae5d544, org.springframework.security.web.access.ExceptionTranslationFilter@4e3c0627, org.springframework.security.web.access.intercept.AuthorizationFilter@4cf1bd4a]
INFO : o.s.b.a.w.s.WelcomePageHandlerMapping - Adding welcome page: class path resource [static/index.html]
DEBUG: _.s.web.servlet.HandlerMapping.Mappings - 
	a.w.AccountController:
	{GET [/accounts/{accountId}/beneficiaries/{beneficiaryName}]}: getBeneficiary(int,String)
	{POST [/accounts/{accountId}/beneficiaries]}: addBeneficiary(long,String)
	{GET [/authorities]}: getAuthoritiesForUser(String)
	{GET [/accounts/{id}]}: accountDetails(int)
	{GET [/accounts]}: accountSummary()
	{DELETE [/accounts/{accountId}/beneficiaries/{beneficiaryName}]}: removeBeneficiary(long,String)
	{POST [/accounts]}: createAccount(Account)
DEBUG: _.s.web.servlet.HandlerMapping.Mappings - 
	o.s.b.a.w.s.e.BasicErrorController:
	{ [/error]}: error(HttpServletRequest)
	{ [/error], produces [text/html]}: errorHtml(HttpServletRequest,HttpServletResponse)
DEBUG: _.s.web.servlet.HandlerMapping.Mappings - 'beanNameHandlerMapping' {}
DEBUG: _.s.web.servlet.HandlerMapping.Mappings - 'resourceHandlerMapping' {/webjars/**=ResourceHttpRequestHandler [classpath [META-INF/resources/webjars/]], /**=ResourceHttpRequestHandler [classpath [META-INF/resources/], classpath [resources/], classpath [static/], classpath [public/], ServletContext [/]]}
INFO : o.s.b.t.m.w.SpringBootMockServletContext - Initializing Spring TestDispatcherServlet ''
INFO : o.s.t.web.servlet.TestDispatcherServlet - Initializing Servlet ''
INFO : o.s.t.web.servlet.TestDispatcherServlet - Completed initialization in 0 ms
INFO : a.w.AccountControllerCustomAuthenticationProviderTests - Started AccountControllerCustomAuthenticationProviderTests in 1.068 seconds (JVM running for 8.322)
]]></system-out>
  </testcase>
</testsuite>